nohup: ignoring input
Forwarding from 127.0.0.1:8080 -> 8080
Forwarding from [::1]:8080 -> 8080
Handling connection for 8080
Handling connection for 8080
Handling connection for 8080
Handling connection for 8080
Handling connection for 8080
Handling connection for 8080
Handling connection for 8080
Handling connection for 8080
Handling connection for 8080
Handling connection for 8080
Handling connection for 8080
Handling connection for 8080
Handling connection for 8080
Handling connection for 8080
Handling connection for 8080
Handling connection for 8080
Handling connection for 8080
Handling connection for 8080
Handling connection for 8080
Handling connection for 8080
Handling connection for 8080
Handling connection for 8080
Handling connection for 8080
Handling connection for 8080
Handling connection for 8080
Handling connection for 8080
Handling connection for 8080
Handling connection for 8080
Handling connection for 8080
Handling connection for 8080
Handling connection for 8080
Handling connection for 8080
Handling connection for 8080
Handling connection for 8080
Handling connection for 8080
Handling connection for 8080
Handling connection for 8080
Handling connection for 8080
Handling connection for 8080
Handling connection for 8080
Handling connection for 8080
Handling connection for 8080
Handling connection for 8080
Handling connection for 8080
Handling connection for 8080
Handling connection for 8080
Handling connection for 8080
Handling connection for 8080
Handling connection for 8080
Handling connection for 8080
Handling connection for 8080
Handling connection for 8080
Handling connection for 8080
Handling connection for 8080
Handling connection for 8080
Handling connection for 8080
Handling connection for 8080
Handling connection for 8080
Handling connection for 8080
Handling connection for 8080
Handling connection for 8080
Handling connection for 8080
Handling connection for 8080
Handling connection for 8080
Handling connection for 8080
Handling connection for 8080
Handling connection for 8080
Handling connection for 8080
Handling connection for 8080
Handling connection for 8080
Handling connection for 8080
Handling connection for 8080
Handling connection for 8080
Handling connection for 8080
Handling connection for 8080
Handling connection for 8080
Handling connection for 8080
Handling connection for 8080
Handling connection for 8080
Handling connection for 8080
Handling connection for 8080
Handling connection for 8080
Handling connection for 8080
Handling connection for 8080
Handling connection for 8080
Handling connection for 8080
Handling connection for 8080
Handling connection for 8080
Handling connection for 8080
Handling connection for 8080
Handling connection for 8080
Handling connection for 8080
Handling connection for 8080
Handling connection for 8080
Handling connection for 8080
Handling connection for 8080
Handling connection for 8080
Handling connection for 8080
Handling connection for 8080
Handling connection for 8080
Handling connection for 8080
Handling connection for 8080
Handling connection for 8080
Handling connection for 8080
Handling connection for 8080
Handling connection for 8080
Handling connection for 8080
Handling connection for 8080
Handling connection for 8080
Handling connection for 8080
Handling connection for 8080
Handling connection for 8080
Handling connection for 8080
Handling connection for 8080
Handling connection for 8080
Handling connection for 8080
Handling connection for 8080
Handling connection for 8080
Handling connection for 8080
Handling connection for 8080
Handling connection for 8080
Handling connection for 8080
Handling connection for 8080
Handling connection for 8080
Handling connection for 8080
Handling connection for 8080
Handling connection for 8080
Handling connection for 8080
Handling connection for 8080
Handling connection for 8080
Handling connection for 8080
Handling connection for 8080
Handling connection for 8080
Handling connection for 8080
Handling connection for 8080
Handling connection for 8080
E0712 10:25:17.996218   21404 portforward.go:351] error creating error stream for port 8080 -> 8080: Timeout occurred
E0712 10:25:17.996218   21404 portforward.go:351] error creating error stream for port 8080 -> 8080: Timeout occurred
Handling connection for 8080
E0712 10:25:28.546992   21404 portforward.go:351] error creating error stream for port 8080 -> 8080: Timeout occurred
E0712 10:25:28.554287   21404 portforward.go:351] error creating error stream for port 8080 -> 8080: Timeout occurred
Handling connection for 8080
Handling connection for 8080
Handling connection for 8080
E0712 10:25:57.630947   21404 portforward.go:351] error creating error stream for port 8080 -> 8080: Timeout occurred
E0712 10:25:59.590514   21404 portforward.go:351] error creating error stream for port 8080 -> 8080: Timeout occurred
E0712 10:26:00.394590   21404 portforward.go:351] error creating error stream for port 8080 -> 8080: Timeout occurred
E0712 10:26:22.573778   21404 portforward.go:351] error creating error stream for port 8080 -> 8080: Timeout occurred
Handling connection for 8080
Handling connection for 8080
Handling connection for 8080
E0712 10:26:54.944984   21404 portforward.go:351] error creating error stream for port 8080 -> 8080: Timeout occurred
E0712 10:26:57.836523   21404 portforward.go:351] error creating error stream for port 8080 -> 8080: Timeout occurred
E0712 10:27:01.207928   21404 portforward.go:351] error creating error stream for port 8080 -> 8080: Timeout occurred
Handling connection for 8080
E0712 10:27:36.349295   21404 portforward.go:351] error creating error stream for port 8080 -> 8080: Timeout occurred
